<?xml version="1.0" encoding="UTF-8"?>
<testng-results skipped="0" failed="0" total="1" passed="1">
  <reporter-output>
  </reporter-output>
  <suite name="Default suite" duration-ms="17935" started-at="2018-09-06T21:21:10Z" finished-at="2018-09-06T21:21:28Z">
    <groups>
    </groups>
    <test name="Default test" duration-ms="17935" started-at="2018-09-06T21:21:10Z" finished-at="2018-09-06T21:21:28Z">
      <class name="com.test.testng.demo.TestNGDemo">
        <test-method status="PASS" signature="verifyHomepageTitle()[pri:0, instance:com.test.testng.demo.TestNGDemo@643b1d11]" name="verifyHomepageTitle" duration-ms="17916" started-at="2018-09-06T22:21:10Z" finished-at="2018-09-06T22:21:28Z">
          <reporter-output>
          </reporter-output>
        </test-method> <!-- verifyHomepageTitle -->
      </class> <!-- com.test.testng.demo.TestNGDemo -->
    </test> <!-- Default test -->
  </suite> <!-- Default suite -->
</testng-results>
